2021-11-17 11:57:01 Loading main app package /tmp/.mount_ObsidiLpmQBN/resources/obsidian.asar
2021-11-17 11:57:01 Checking for update using Github
2021-11-17 11:57:01 Success.
2021-11-17 11:57:01 Latest version is 0.12.19
2021-11-17 11:57:01 App is up to date.
2021-11-17 12:09:32 Loading main app package /tmp/.mount_ObsidiI8LdAI/resources/obsidian.asar
2021-11-17 12:09:33 Checking for update using Github
2021-11-17 12:09:33 Success.
2021-11-17 12:09:33 Latest version is 0.12.19
2021-11-17 12:09:33 App is up to date.
2021-11-17 12:09:40 Loading main app package /tmp/.mount_ObsidiMDb1xt/resources/obsidian.asar
2021-11-17 12:09:41 Checking for update using Github
2021-11-17 12:09:41 Success.
2021-11-17 12:09:41 Latest version is 0.12.19
2021-11-17 12:09:41 App is up to date.
2021-11-17 13:09:41 Checking for update using Github
2021-11-17 13:09:41 Success.
2021-11-17 13:09:41 Latest version is 0.12.19
2021-11-17 13:09:41 App is up to date.
2021-11-17 14:09:41 Checking for update using Github
2021-11-17 14:09:41 Success.
2021-11-17 14:09:41 Latest version is 0.12.19
2021-11-17 14:09:41 App is up to date.
2021-11-17 15:09:41 Checking for update using Github
2021-11-17 15:09:41 Success.
2021-11-17 15:09:41 Latest version is 0.12.19
2021-11-17 15:09:41 App is up to date.
2021-11-17 16:09:41 Checking for update using Github
2021-11-17 16:09:41 Success.
2021-11-17 16:09:41 Latest version is 0.12.19
2021-11-17 16:09:41 App is up to date.
2021-11-17 18:39:53 Loading main app package /tmp/.mount_ObsidiedxA0W/resources/obsidian.asar
2021-11-17 18:39:53 Checking for update using Github
2021-11-17 18:39:53 Success.
2021-11-17 18:39:53 Latest version is 0.12.19
2021-11-17 18:39:53 App is up to date.
2021-11-19 12:02:06 Loading main app package /tmp/.mount_ObsidiVlpYUC/resources/obsidian.asar
2021-11-19 12:02:06 Checking for update using Github
2021-11-19 12:02:06 Success.
2021-11-19 12:02:06 Latest version is 0.12.19
2021-11-19 12:02:06 App is up to date.
2021-11-19 13:02:06 Checking for update using Github
2021-11-19 13:02:06 Success.
2021-11-19 13:02:06 Latest version is 0.12.19
2021-11-19 13:02:06 App is up to date.
2021-11-19 14:02:06 Checking for update using Github
2021-11-19 14:02:06 Success.
2021-11-19 14:02:06 Latest version is 0.12.19
2021-11-19 14:02:06 App is up to date.
2021-11-19 15:02:06 Checking for update using Github
2021-11-19 15:02:06 Success.
2021-11-19 15:02:06 Latest version is 0.12.19
2021-11-19 15:02:06 App is up to date.
2021-11-19 16:02:06 Checking for update using Github
2021-11-19 16:02:06 Success.
2021-11-19 16:02:06 Latest version is 0.12.19
2021-11-19 16:02:06 App is up to date.
2021-11-19 17:02:06 Checking for update using Github
2021-11-19 17:02:06 Success.
2021-11-19 17:02:06 Latest version is 0.12.19
2021-11-19 17:02:06 App is up to date.
2021-11-19 18:02:06 Checking for update using Github
2021-11-19 18:02:06 Success.
2021-11-19 18:02:06 Latest version is 0.12.19
2021-11-19 18:02:06 App is up to date.
2021-11-19 19:02:06 Checking for update using Github
2021-11-19 19:02:06 Success.
2021-11-19 19:02:06 Latest version is 0.12.19
2021-11-19 19:02:06 App is up to date.
2021-11-19 20:02:06 Checking for update using Github
2021-11-19 20:02:06 Success.
2021-11-19 20:02:06 Latest version is 0.12.19
2021-11-19 20:02:06 App is up to date.
2021-11-19 21:02:06 Checking for update using Github
2021-11-19 21:02:07 Success.
2021-11-19 21:02:07 Latest version is 0.12.19
2021-11-19 21:02:07 App is up to date.
2021-11-19 22:02:07 Checking for update using Github
2021-11-19 22:02:07 Success.
2021-11-19 22:02:07 Latest version is 0.12.19
2021-11-19 22:02:07 App is up to date.
2021-11-19 23:02:07 Checking for update using Github
2021-11-19 23:02:07 Success.
2021-11-19 23:02:07 Latest version is 0.12.19
2021-11-19 23:02:07 App is up to date.
2021-11-23 16:49:22 Loading main app package /tmp/.mount_ObsidiIBWEY2/resources/obsidian.asar
2021-11-23 16:49:23 Checking for update using Github
2021-11-23 16:49:23 Success.
2021-11-23 16:49:23 Latest version is 0.12.19
2021-11-23 16:49:23 App is up to date.
2021-11-23 17:49:23 Checking for update using Github
2021-11-23 17:49:23 Success.
2021-11-23 17:49:23 Latest version is 0.12.19
2021-11-23 17:49:23 App is up to date.
2021-11-23 18:49:23 Checking for update using Github
2021-11-23 18:49:23 Success.
2021-11-23 18:49:23 Latest version is 0.12.19
2021-11-23 18:49:23 App is up to date.
2021-11-23 19:49:23 Checking for update using Github
2021-11-23 19:49:23 Success.
2021-11-23 19:49:23 Latest version is 0.12.19
2021-11-23 19:49:23 App is up to date.
2021-11-23 20:49:23 Checking for update using Github
2021-11-23 20:49:23 Success.
2021-11-23 20:49:23 Latest version is 0.12.19
2021-11-23 20:49:23 App is up to date.
2021-11-23 21:49:23 Checking for update using Github
2021-11-23 21:49:23 Success.
2021-11-23 21:49:23 Latest version is 0.12.19
2021-11-23 21:49:23 App is up to date.
2021-11-23 22:49:23 Checking for update using Github
2021-11-23 22:49:23 Success.
2021-11-23 22:49:23 Latest version is 0.12.19
2021-11-23 22:49:23 App is up to date.
2021-11-23 23:49:23 Checking for update using Github
2021-11-23 23:49:23 Success.
2021-11-23 23:49:23 Latest version is 0.12.19
2021-11-23 23:49:23 App is up to date.
2021-11-25 00:20:54 Loading main app package /tmp/.mount_ObsidisMFTsM/resources/obsidian.asar
2021-11-25 00:20:55 Checking for update using Github
2021-11-25 00:20:55 Success.
2021-11-25 00:20:55 Latest version is 0.12.19
2021-11-25 00:20:55 App is up to date.
2021-11-25 01:20:54 Checking for update using Github
2021-11-25 01:20:55 Success.
2021-11-25 01:20:55 Latest version is 0.12.19
2021-11-25 01:20:55 App is up to date.
2021-11-26 00:40:48 Loading main app package /tmp/.mount_ObsidiK2ki1p/resources/obsidian.asar
2021-11-26 00:40:49 Checking for update using Github
2021-11-26 00:40:50 Success.
2021-11-26 00:40:50 Latest version is 0.12.19
2021-11-26 00:40:50 App is up to date.
2021-11-26 01:40:48 Checking for update using Github
2021-11-26 01:40:48 Success.
2021-11-26 01:40:48 Latest version is 0.12.19
2021-11-26 01:40:48 App is up to date.
2021-11-26 17:29:15 Loading main app package /tmp/.mount_ObsidiKnq3tF/resources/obsidian.asar
2021-11-26 17:29:15 Checking for update using Github
2021-11-26 17:29:15 Success.
2021-11-26 17:29:15 Latest version is 0.12.19
2021-11-26 17:29:15 App is up to date.
2021-11-27 14:27:55 Loading main app package /tmp/.mount_ObsidiKKOtfT/resources/obsidian.asar
2021-11-27 14:27:56 Checking for update using Github
2021-11-27 14:27:56 Failed to check for update using Github (net::ERR_INTERNET_DISCONNECTED)
2021-11-27 14:27:56 Checking for update using obsidian.md
2021-11-27 14:27:56 Failed to check for update using obsidian.md (net::ERR_INTERNET_DISCONNECTED)
2021-12-01 20:13:44 Loading main app package /tmp/.mount_ObsidiAPxxhX/resources/obsidian.asar
2021-12-01 20:13:44 Checking for update using Github
2021-12-01 20:13:44 Success.
2021-12-01 20:13:44 Latest version is 0.12.19
2021-12-01 20:13:44 App is up to date.
2021-12-01 21:13:44 Checking for update using Github
2021-12-01 21:13:44 Success.
2021-12-01 21:13:44 Latest version is 0.12.19
2021-12-01 21:13:44 App is up to date.
2021-12-07 18:29:22 Loading main app package /tmp/.mount_ObsidirfGzPG/resources/obsidian.asar
2021-12-07 18:29:22 Checking for update using Github
2021-12-07 18:29:23 Success.
2021-12-07 18:29:23 Latest version is 0.12.19
2021-12-07 18:29:23 App is up to date.
2021-12-09 18:15:17 Loading main app package /tmp/.mount_ObsidiwFthRS/resources/obsidian.asar
2021-12-09 18:15:18 Checking for update using Github
2021-12-09 18:15:18 Success.
2021-12-09 18:15:18 Latest version is 0.12.19
2021-12-09 18:15:18 App is up to date.
2021-12-09 19:15:17 Checking for update using Github
2021-12-09 19:15:17 Success.
2021-12-09 19:15:17 Latest version is 0.12.19
2021-12-09 19:15:17 App is up to date.
2021-12-09 20:15:17 Checking for update using Github
2021-12-09 20:15:17 Success.
2021-12-09 20:15:17 Latest version is 0.12.19
2021-12-09 20:15:17 App is up to date.
2021-12-10 15:41:29 Loading main app package /tmp/.mount_ObsidiLFnm9t/resources/obsidian.asar
2021-12-10 15:41:29 Checking for update using Github
2021-12-10 15:41:29 Success.
2021-12-10 15:41:29 Latest version is 0.12.19
2021-12-10 15:41:29 App is up to date.
2021-12-10 20:44:26 Loading main app package /tmp/.mount_ObsidirAuea3/resources/obsidian.asar
2021-12-10 20:44:28 Checking for update using Github
2021-12-10 20:44:29 Success.
2021-12-10 20:44:29 Latest version is 0.12.19
2021-12-10 20:44:29 App is up to date.
2021-12-10 21:44:26 Checking for update using Github
2021-12-10 21:44:26 Success.
2021-12-10 21:44:26 Latest version is 0.12.19
2021-12-10 21:44:26 App is up to date.
2021-12-10 22:44:26 Checking for update using Github
2021-12-10 22:44:26 Success.
2021-12-10 22:44:26 Latest version is 0.12.19
2021-12-10 22:44:26 App is up to date.
2021-12-10 23:44:26 Checking for update using Github
2021-12-10 23:44:27 Success.
2021-12-10 23:44:27 Latest version is 0.12.19
2021-12-10 23:44:27 App is up to date.
2021-12-11 20:38:03 Loading main app package /tmp/.mount_ObsidiI1EgyO/resources/obsidian.asar
2021-12-11 20:38:04 Checking for update using Github
2021-12-11 20:38:04 Success.
2021-12-11 20:38:04 Latest version is 0.12.19
2021-12-11 20:38:04 App is up to date.
2021-12-11 21:38:07 Checking for update using Github
2021-12-11 21:38:07 Success.
2021-12-11 21:38:07 Latest version is 0.12.19
2021-12-11 21:38:07 App is up to date.
2021-12-27 02:43:40 Loading main app package /tmp/.mount_ObsidilIUA9J/resources/obsidian.asar
2021-12-27 02:43:40 Checking for update using Github
2021-12-27 02:43:40 Success.
2021-12-27 02:43:40 Latest version is 0.13.14
2021-12-27 02:43:40 Downloading update from https://github.com/obsidianmd/obsidian-releases/releases/download/v0.13.14/obsidian-0.13.14.asar.gz
2021-12-27 02:43:44 Verifying hash & signature. Size= 11893966
2021-12-27 02:43:44 Saving file
2021-12-27 02:43:44 Update complete.
2021-12-27 03:43:40 Checking for update using Github
2021-12-27 03:43:40 Success.
2021-12-27 03:43:40 Latest version is 0.13.14
2021-12-27 03:43:40 An update is already downloaded.
2021-12-27 04:43:40 Checking for update using Github
2021-12-27 04:43:40 Success.
2021-12-27 04:43:40 Latest version is 0.13.14
2021-12-27 04:43:40 An update is already downloaded.
2021-12-27 05:43:40 Checking for update using Github
2021-12-27 05:43:40 Success.
2021-12-27 05:43:40 Latest version is 0.13.14
2021-12-27 05:43:40 An update is already downloaded.
2021-12-27 06:43:40 Checking for update using Github
2021-12-27 06:43:40 Success.
2021-12-27 06:43:40 Latest version is 0.13.14
2021-12-27 06:43:40 An update is already downloaded.
2021-12-27 07:43:40 Checking for update using Github
2021-12-27 07:43:40 Success.
2021-12-27 07:43:40 Latest version is 0.13.14
2021-12-27 07:43:40 An update is already downloaded.
2021-12-27 08:43:40 Checking for update using Github
2021-12-27 08:43:40 Success.
2021-12-27 08:43:40 Latest version is 0.13.14
2021-12-27 08:43:40 An update is already downloaded.
2021-12-27 09:43:40 Checking for update using Github
2021-12-27 09:43:40 Success.
2021-12-27 09:43:40 Latest version is 0.13.14
2021-12-27 09:43:40 An update is already downloaded.
2021-12-27 10:43:40 Checking for update using Github
2021-12-27 10:43:40 Success.
2021-12-27 10:43:40 Latest version is 0.13.14
2021-12-27 10:43:40 An update is already downloaded.
2021-12-27 11:43:40 Checking for update using Github
2021-12-27 11:43:40 Success.
2021-12-27 11:43:40 Latest version is 0.13.14
2021-12-27 11:43:40 An update is already downloaded.
2021-12-27 12:43:40 Checking for update using Github
2021-12-27 12:43:40 Success.
2021-12-27 12:43:40 Latest version is 0.13.14
2021-12-27 12:43:40 An update is already downloaded.
2021-12-27 13:43:40 Checking for update using Github
2021-12-27 13:43:40 Success.
2021-12-27 13:43:40 Latest version is 0.13.14
2021-12-27 13:43:40 An update is already downloaded.
2021-12-27 14:43:41 Checking for update using Github
2021-12-27 14:43:41 Success.
2021-12-27 14:43:41 Latest version is 0.13.14
2021-12-27 14:43:41 An update is already downloaded.
2021-12-27 15:43:41 Checking for update using Github
2021-12-27 15:43:41 Success.
2021-12-27 15:43:41 Latest version is 0.13.14
2021-12-27 15:43:41 An update is already downloaded.
2021-12-27 16:43:41 Checking for update using Github
2021-12-27 16:43:41 Success.
2021-12-27 16:43:41 Latest version is 0.13.14
2021-12-27 16:43:41 An update is already downloaded.
2021-12-27 17:43:41 Checking for update using Github
2021-12-27 17:43:41 Success.
2021-12-27 17:43:41 Latest version is 0.13.14
2021-12-27 17:43:41 An update is already downloaded.
2021-12-27 18:43:41 Checking for update using Github
2021-12-27 18:43:41 Success.
2021-12-27 18:43:41 Latest version is 0.13.14
2021-12-27 18:43:41 An update is already downloaded.
2021-12-27 19:43:41 Checking for update using Github
2021-12-27 19:43:41 Success.
2021-12-27 19:43:41 Latest version is 0.13.14
2021-12-27 19:43:41 An update is already downloaded.
2021-12-27 20:43:41 Checking for update using Github
2021-12-27 20:43:41 Success.
2021-12-27 20:43:41 Latest version is 0.13.14
2021-12-27 20:43:41 An update is already downloaded.
2021-12-27 21:43:41 Checking for update using Github
2021-12-27 21:43:41 Success.
2021-12-27 21:43:41 Latest version is 0.13.14
2021-12-27 21:43:41 An update is already downloaded.
2021-12-27 22:43:41 Checking for update using Github
2021-12-27 22:43:41 Success.
2021-12-27 22:43:41 Latest version is 0.13.14
2021-12-27 22:43:41 An update is already downloaded.
2021-12-27 23:43:41 Checking for update using Github
2021-12-27 23:43:41 Success.
2021-12-27 23:43:41 Latest version is 0.13.14
2021-12-27 23:43:41 An update is already downloaded.
2021-12-28 00:43:41 Checking for update using Github
2021-12-28 00:43:42 Success.
2021-12-28 00:43:42 Latest version is 0.13.14
2021-12-28 00:43:42 An update is already downloaded.
2021-12-28 01:43:42 Checking for update using Github
2021-12-28 01:43:42 Success.
2021-12-28 01:43:42 Latest version is 0.13.14
2021-12-28 01:43:42 An update is already downloaded.
2022-01-02 00:45:31 Loading updated app package /home/augustoiryoda/.config/obsidian/obsidian-0.13.14.asar
2022-01-02 00:45:31 Checking for update using Github
2022-01-02 00:45:31 Success.
2022-01-02 00:45:31 Latest version is 0.13.14
2022-01-02 00:45:31 App is up to date.
2022-01-02 01:45:31 Checking for update using Github
2022-01-02 01:45:31 Success.
2022-01-02 01:45:31 Latest version is 0.13.14
2022-01-02 01:45:31 App is up to date.
2022-01-02 02:45:31 Checking for update using Github
2022-01-02 02:45:33 Success.
2022-01-02 02:45:33 Latest version is 0.13.14
2022-01-02 02:45:33 App is up to date.
2022-01-02 03:45:31 Checking for update using Github
2022-01-02 03:45:31 Success.
2022-01-02 03:45:31 Latest version is 0.13.14
2022-01-02 03:45:31 App is up to date.
2022-01-02 04:45:31 Checking for update using Github
2022-01-02 04:45:32 Success.
2022-01-02 04:45:32 Latest version is 0.13.14
2022-01-02 04:45:32 App is up to date.
2022-01-02 05:45:32 Checking for update using Github
2022-01-02 05:45:32 Success.
2022-01-02 05:45:32 Latest version is 0.13.14
2022-01-02 05:45:32 App is up to date.
2022-01-02 06:45:32 Checking for update using Github
2022-01-02 06:45:32 Success.
2022-01-02 06:45:32 Latest version is 0.13.14
2022-01-02 06:45:32 App is up to date.
2022-01-02 07:45:32 Checking for update using Github
2022-01-02 07:45:32 Success.
2022-01-02 07:45:32 Latest version is 0.13.14
2022-01-02 07:45:32 App is up to date.
2022-01-02 08:45:32 Checking for update using Github
2022-01-02 08:45:32 Success.
2022-01-02 08:45:32 Latest version is 0.13.14
2022-01-02 08:45:32 App is up to date.
2022-01-02 09:45:32 Checking for update using Github
2022-01-02 09:45:32 Success.
2022-01-02 09:45:32 Latest version is 0.13.14
2022-01-02 09:45:32 App is up to date.
2022-01-02 10:45:32 Checking for update using Github
2022-01-02 10:45:32 Success.
2022-01-02 10:45:32 Latest version is 0.13.14
2022-01-02 10:45:32 App is up to date.
2022-01-02 11:45:32 Checking for update using Github
2022-01-02 11:45:32 Success.
2022-01-02 11:45:32 Latest version is 0.13.14
2022-01-02 11:45:32 App is up to date.
2022-01-02 12:45:32 Checking for update using Github
2022-01-02 12:45:32 Success.
2022-01-02 12:45:32 Latest version is 0.13.14
2022-01-02 12:45:32 App is up to date.
2022-01-02 13:45:32 Checking for update using Github
2022-01-02 13:45:32 Success.
2022-01-02 13:45:32 Latest version is 0.13.14
2022-01-02 13:45:32 App is up to date.
2022-01-02 14:45:32 Checking for update using Github
2022-01-02 14:45:32 Success.
2022-01-02 14:45:32 Latest version is 0.13.14
2022-01-02 14:45:32 App is up to date.
2022-01-02 15:45:32 Checking for update using Github
2022-01-02 15:45:32 Success.
2022-01-02 15:45:32 Latest version is 0.13.14
2022-01-02 15:45:32 App is up to date.
2022-01-02 16:45:32 Checking for update using Github
2022-01-02 16:45:32 Success.
2022-01-02 16:45:32 Latest version is 0.13.14
2022-01-02 16:45:32 App is up to date.
2022-01-02 17:45:32 Checking for update using Github
2022-01-02 17:45:32 Success.
2022-01-02 17:45:32 Latest version is 0.13.14
2022-01-02 17:45:32 App is up to date.
2022-01-02 18:45:32 Checking for update using Github
2022-01-02 18:45:32 Success.
2022-01-02 18:45:32 Latest version is 0.13.14
2022-01-02 18:45:32 App is up to date.
2022-01-02 19:45:33 Checking for update using Github
2022-01-02 19:45:33 Success.
2022-01-02 19:45:33 Latest version is 0.13.14
2022-01-02 19:45:33 App is up to date.
2022-01-12 18:26:17 Loading updated app package /home/augustoiryoda/.config/obsidian/obsidian-0.13.14.asar
2022-01-12 18:26:17 Checking for update using Github
2022-01-12 18:26:17 Success.
2022-01-12 18:26:17 Latest version is 0.13.19
2022-01-12 18:26:17 Downloading update from https://github.com/obsidianmd/obsidian-releases/releases/download/v0.13.19/obsidian-0.13.19.asar.gz
2022-01-12 18:26:27 Verifying hash & signature. Size= 11943976
2022-01-12 18:26:27 Saving file
2022-01-12 18:26:27 Update complete.
2022-01-12 19:26:17 Checking for update using Github
2022-01-12 19:26:17 Success.
2022-01-12 19:26:17 Latest version is 0.13.19
2022-01-12 19:26:17 An update is already downloaded.
2022-01-12 20:26:17 Checking for update using Github
2022-01-12 20:26:17 Success.
2022-01-12 20:26:17 Latest version is 0.13.19
2022-01-12 20:26:17 An update is already downloaded.
2022-01-12 21:26:17 Checking for update using Github
2022-01-12 21:26:17 Success.
2022-01-12 21:26:17 Latest version is 0.13.19
2022-01-12 21:26:17 An update is already downloaded.
2022-01-27 13:05:16 Loading updated app package /home/augustoiryoda/.config/obsidian/obsidian-0.13.19.asar
2022-01-27 13:05:16 Checking for update using Github
2022-01-27 13:05:17 Success.
2022-01-27 13:05:17 Latest version is 0.13.19
2022-01-27 13:05:17 App is up to date.
2022-01-27 13:59:23 Loading updated app package /home/augustoiryoda/.config/obsidian/obsidian-0.13.19.asar
2022-01-27 13:59:24 Checking for update using Github
2022-01-27 13:59:24 Success.
2022-01-27 13:59:24 Latest version is 0.13.19
2022-01-27 13:59:24 App is up to date.
2022-01-27 14:59:24 Checking for update using Github
2022-01-27 14:59:24 Success.
2022-01-27 14:59:24 Latest version is 0.13.19
2022-01-27 14:59:24 App is up to date.
2022-02-12 23:36:28 Loading updated app package /home/augustoiryoda/.config/obsidian/obsidian-0.13.19.asar
2022-02-12 23:36:28 Checking for update using Github
2022-02-12 23:36:29 Success.
2022-02-12 23:36:29 Latest version is 0.13.23
2022-02-12 23:36:29 Downloading update from https://github.com/obsidianmd/obsidian-releases/releases/download/v0.13.23/obsidian-0.13.23.asar.gz
2022-02-12 23:36:33 Verifying hash & signature. Size= 11947505
2022-02-12 23:36:33 Saving file
2022-02-12 23:36:33 Update complete.
2022-02-19 22:10:48 Loading updated app package /home/augustoiryoda/.config/obsidian/obsidian-0.13.23.asar
2022-02-19 22:10:48 Checking for update using Github
2022-02-19 22:10:48 Success.
2022-02-19 22:10:48 Latest version is 0.13.23
2022-02-19 22:10:48 App is up to date.
2022-02-19 22:47:33 Loading updated app package /home/augustoiryoda/.config/obsidian/obsidian-0.13.23.asar
2022-02-19 22:47:33 Checking for update using Github
2022-02-19 22:47:34 Success.
2022-02-19 22:47:34 Latest version is 0.13.23
2022-02-19 22:47:34 App is up to date.
2022-02-19 23:47:33 Checking for update using Github
2022-02-19 23:47:33 Success.
2022-02-19 23:47:33 Latest version is 0.13.23
2022-02-19 23:47:33 App is up to date.
2022-02-20 00:47:33 Checking for update using Github
2022-02-20 00:47:33 Success.
2022-02-20 00:47:33 Latest version is 0.13.23
2022-02-20 00:47:33 App is up to date.
2022-02-20 01:47:33 Checking for update using Github
2022-02-20 01:47:33 Success.
2022-02-20 01:47:33 Latest version is 0.13.23
2022-02-20 01:47:33 App is up to date.
2022-02-20 02:47:33 Checking for update using Github
2022-02-20 02:47:33 Success.
2022-02-20 02:47:33 Latest version is 0.13.23
2022-02-20 02:47:33 App is up to date.
2022-02-20 03:47:33 Checking for update using Github
2022-02-20 03:47:33 Success.
2022-02-20 03:47:33 Latest version is 0.13.23
2022-02-20 03:47:33 App is up to date.
2022-02-20 04:47:34 Checking for update using Github
2022-02-20 04:47:34 Success.
2022-02-20 04:47:34 Latest version is 0.13.23
2022-02-20 04:47:34 App is up to date.
2022-02-20 05:47:34 Checking for update using Github
2022-02-20 05:47:34 Success.
2022-02-20 05:47:34 Latest version is 0.13.23
2022-02-20 05:47:34 App is up to date.
2022-02-20 06:47:34 Checking for update using Github
2022-02-20 06:47:34 Success.
2022-02-20 06:47:34 Latest version is 0.13.23
2022-02-20 06:47:34 App is up to date.
2022-02-20 07:47:34 Checking for update using Github
2022-02-20 07:47:34 Success.
2022-02-20 07:47:34 Latest version is 0.13.23
2022-02-20 07:47:34 App is up to date.
2022-02-20 08:47:34 Checking for update using Github
2022-02-20 08:47:34 Success.
2022-02-20 08:47:34 Latest version is 0.13.23
2022-02-20 08:47:34 App is up to date.
2022-02-20 09:47:34 Checking for update using Github
2022-02-20 09:47:34 Success.
2022-02-20 09:47:34 Latest version is 0.13.23
2022-02-20 09:47:34 App is up to date.
2022-02-20 10:47:34 Checking for update using Github
2022-02-20 10:47:34 Success.
2022-02-20 10:47:34 Latest version is 0.13.23
2022-02-20 10:47:34 App is up to date.
2022-02-20 11:47:34 Checking for update using Github
2022-02-20 11:47:34 Success.
2022-02-20 11:47:34 Latest version is 0.13.23
2022-02-20 11:47:34 App is up to date.
2022-02-20 12:47:34 Checking for update using Github
2022-02-20 12:47:34 Success.
2022-02-20 12:47:34 Latest version is 0.13.23
2022-02-20 12:47:34 App is up to date.
2022-02-23 12:22:54 Loading updated app package /home/augustoiryoda/.config/obsidian/obsidian-0.13.23.asar
2022-02-23 12:22:55 Checking for update using Github
2022-02-23 12:22:55 Success.
2022-02-23 12:22:55 Latest version is 0.13.23
2022-02-23 12:22:55 App is up to date.
2022-03-03 18:28:16 Loading updated app package /home/augustoiryoda/.config/obsidian/obsidian-0.13.23.asar
2022-03-03 18:28:17 Checking for update using Github
2022-03-03 18:28:17 Success.
2022-03-03 18:28:17 Latest version is 0.13.23
2022-03-03 18:28:17 App is up to date.
2022-03-07 18:06:05 Loading updated app package /home/augustoiryoda/.config/obsidian/obsidian-0.13.23.asar
2022-03-07 18:06:05 Checking for update using Github
2022-03-07 18:06:05 Success.
2022-03-07 18:06:05 Latest version is 0.13.30
2022-03-07 18:06:05 Downloading update from https://github.com/obsidianmd/obsidian-releases/releases/download/v0.13.30/obsidian-0.13.30.asar.gz
2022-03-07 18:06:06 Verifying hash & signature. Size= 12042766
2022-03-07 18:06:06 Saving file
2022-03-07 18:06:06 Update complete.
2022-03-12 17:38:00 Loading updated app package /home/augustoiryoda/.config/obsidian/obsidian-0.13.30.asar
2022-03-12 17:38:00 Checking for update using Github
2022-03-12 17:38:00 Success.
2022-03-12 17:38:00 Latest version is 0.13.33
2022-03-12 17:38:00 Downloading update from https://github.com/obsidianmd/obsidian-releases/releases/download/v0.13.33/obsidian-0.13.33.asar.gz
2022-03-12 17:38:03 Verifying hash & signature. Size= 12043312
2022-03-12 17:38:03 Saving file
2022-03-12 17:38:03 Update complete.
2022-03-12 18:38:00 Checking for update using Github
2022-03-12 18:38:00 Success.
2022-03-12 18:38:00 Latest version is 0.13.33
2022-03-12 18:38:00 An update is already downloaded.
2022-03-12 18:39:58 Loading updated app package /home/augustoiryoda/.config/obsidian/obsidian-0.13.33.asar
2022-03-12 18:39:58 Checking for update using Github
2022-03-12 19:38:00 Checking for update using Github
2022-03-12 19:38:00 Success.
2022-03-12 19:38:00 Latest version is 0.13.33
2022-03-12 19:38:00 An update is already downloaded.
2022-03-12 20:38:00 Checking for update using Github
2022-03-12 20:38:00 Success.
2022-03-12 20:38:00 Latest version is 0.13.33
2022-03-12 20:38:00 An update is already downloaded.
2022-03-12 21:38:00 Checking for update using Github
2022-03-12 21:38:00 Success.
2022-03-12 21:38:00 Latest version is 0.13.33
2022-03-12 21:38:00 An update is already downloaded.
2022-03-12 22:38:00 Checking for update using Github
2022-03-12 22:38:00 Success.
2022-03-12 22:38:00 Latest version is 0.13.33
2022-03-12 22:38:00 An update is already downloaded.
2022-03-12 23:38:00 Checking for update using Github
2022-03-12 23:38:00 Success.
2022-03-12 23:38:00 Latest version is 0.13.33
2022-03-12 23:38:00 An update is already downloaded.
2022-03-13 00:38:00 Checking for update using Github
2022-03-13 00:38:00 Success.
2022-03-13 00:38:00 Latest version is 0.13.33
2022-03-13 00:38:00 An update is already downloaded.
2022-03-13 01:38:00 Checking for update using Github
2022-03-13 01:38:01 Success.
2022-03-13 01:38:01 Latest version is 0.13.33
2022-03-13 01:38:01 An update is already downloaded.
2022-03-13 02:38:00 Checking for update using Github
2022-03-13 02:38:00 Success.
2022-03-13 02:38:00 Latest version is 0.13.33
2022-03-13 02:38:00 An update is already downloaded.
2022-03-13 03:38:01 Checking for update using Github
2022-03-13 03:38:01 Success.
2022-03-13 03:38:01 Latest version is 0.13.33
2022-03-13 03:38:01 An update is already downloaded.
2022-03-13 04:38:01 Checking for update using Github
2022-03-13 04:38:01 Success.
2022-03-13 04:38:01 Latest version is 0.13.33
2022-03-13 04:38:01 An update is already downloaded.
2022-03-13 05:38:01 Checking for update using Github
2022-03-13 05:38:01 Success.
2022-03-13 05:38:01 Latest version is 0.13.33
2022-03-13 05:38:01 An update is already downloaded.
2022-03-13 06:38:01 Checking for update using Github
2022-03-13 06:38:01 Success.
2022-03-13 06:38:01 Latest version is 0.13.33
2022-03-13 06:38:01 An update is already downloaded.
2022-03-13 07:38:01 Checking for update using Github
2022-03-13 07:38:01 Success.
2022-03-13 07:38:01 Latest version is 0.13.33
2022-03-13 07:38:01 An update is already downloaded.
2022-03-13 08:38:01 Checking for update using Github
2022-03-13 08:38:01 Success.
2022-03-13 08:38:01 Latest version is 0.13.33
2022-03-13 08:38:01 An update is already downloaded.
2022-03-13 09:38:01 Checking for update using Github
2022-03-13 09:38:01 Success.
2022-03-13 09:38:01 Latest version is 0.13.33
2022-03-13 09:38:01 An update is already downloaded.
2022-03-13 10:38:01 Checking for update using Github
2022-03-13 10:38:01 Success.
2022-03-13 10:38:01 Latest version is 0.13.33
2022-03-13 10:38:01 An update is already downloaded.
2022-03-13 11:38:01 Checking for update using Github
2022-03-13 11:38:01 Success.
2022-03-13 11:38:01 Latest version is 0.13.33
2022-03-13 11:38:01 An update is already downloaded.
2022-03-13 12:08:19 Loading updated app package /home/augustoiryoda/.config/obsidian/obsidian-0.13.33.asar
2022-03-13 12:08:19 Checking for update using Github
2022-03-13 23:10:18 Loading updated app package /home/augustoiryoda/.config/obsidian/obsidian-0.13.33.asar
2022-03-13 23:10:19 Checking for update using Github
2022-03-13 23:10:19 Success.
2022-03-13 23:10:19 Latest version is 0.13.33
2022-03-13 23:10:19 App is up to date.
2022-03-14 00:10:18 Checking for update using Github
2022-03-14 00:10:19 Success.
2022-03-14 00:10:19 Latest version is 0.13.33
2022-03-14 00:10:19 App is up to date.
2022-03-14 01:10:19 Checking for update using Github
2022-03-14 01:10:19 Success.
2022-03-14 01:10:19 Latest version is 0.13.33
2022-03-14 01:10:19 App is up to date.
2022-03-14 02:10:19 Checking for update using Github
2022-03-14 02:10:19 Success.
2022-03-14 02:10:19 Latest version is 0.13.33
2022-03-14 02:10:19 App is up to date.
2022-03-14 03:10:19 Checking for update using Github
2022-03-14 03:10:19 Success.
2022-03-14 03:10:19 Latest version is 0.13.33
2022-03-14 03:10:19 App is up to date.
2022-03-14 04:10:19 Checking for update using Github
2022-03-14 04:10:19 Success.
2022-03-14 04:10:19 Latest version is 0.13.33
2022-03-14 04:10:19 App is up to date.
2022-03-14 05:10:19 Checking for update using Github
2022-03-14 05:10:19 Success.
2022-03-14 05:10:19 Latest version is 0.13.33
2022-03-14 05:10:19 App is up to date.
2022-03-14 06:10:19 Checking for update using Github
2022-03-14 06:10:19 Success.
2022-03-14 06:10:19 Latest version is 0.13.33
2022-03-14 06:10:19 App is up to date.
2022-03-14 07:10:19 Checking for update using Github
2022-03-14 07:10:19 Success.
2022-03-14 07:10:19 Latest version is 0.13.33
2022-03-14 07:10:19 App is up to date.
2022-03-14 08:10:19 Checking for update using Github
2022-03-14 08:10:19 Success.
2022-03-14 08:10:19 Latest version is 0.13.33
2022-03-14 08:10:19 App is up to date.
2022-03-14 09:10:19 Checking for update using Github
2022-03-14 09:10:19 Success.
2022-03-14 09:10:19 Latest version is 0.13.33
2022-03-14 09:10:19 App is up to date.
2022-03-14 10:10:19 Checking for update using Github
2022-03-14 10:10:19 Success.
2022-03-14 10:10:19 Latest version is 0.13.33
2022-03-14 10:10:19 App is up to date.
2022-03-14 11:10:19 Checking for update using Github
2022-03-14 11:10:19 Success.
2022-03-14 11:10:19 Latest version is 0.13.33
2022-03-14 11:10:19 App is up to date.
2022-03-28 21:56:38 Loading updated app package /home/augustoiryoda/.config/obsidian/obsidian-0.13.33.asar
2022-03-28 21:56:38 Checking for update using Github
2022-03-28 21:56:39 Success.
2022-03-28 21:56:39 Latest version is 0.14.2
2022-03-28 21:56:39 Downloading update from https://github.com/obsidianmd/obsidian-releases/releases/download/v0.14.2/obsidian-0.14.2.asar.gz
2022-03-28 21:56:40 Verifying hash & signature. Size= 12048988
2022-03-28 21:56:40 Saving file
2022-03-28 21:56:40 Update complete.
2022-03-29 00:49:21 Loading updated app package /home/augustoiryoda/.config/obsidian/obsidian-0.14.2.asar
2022-03-29 00:49:21 Checking for update using Github
2022-03-29 00:49:21 Success.
2022-03-29 00:49:21 Latest version is 0.14.2
2022-03-29 00:49:21 App is up to date.
